# JRE version: OpenJDK Runtime Environment (8.0_242-b01) (build 1.8.0_242-release-1644-b01)
# Java VM: OpenJDK 64-Bit Server VM (25.242-b01 mixed mode windows-amd64 compressed oops)
Heap:
 PSYoungGen      total 594944K, used 179705K [0x00000000d5580000, 0x00000000fca80000, 0x0000000100000000)
  eden space 546816K, 30% used [0x00000000d5580000,0x00000000df6b6a18,0x00000000f6b80000)
  from space 48128K, 30% used [0x00000000f6b80000,0x00000000f79c7aa8,0x00000000f9a80000)
  to   space 49152K, 0% used [0x00000000f9a80000,0x00000000f9a80000,0x00000000fca80000)
 ParOldGen       total 216064K, used 190728K [0x0000000080000000, 0x000000008d300000, 0x00000000d5580000)
  object space 216064K, 88% used [0x0000000080000000,0x000000008ba42060,0x000000008d300000)
 Metaspace       used 99578K, capacity 105722K, committed 105768K, reserved 1140736K
  class space    used 13367K, capacity 14640K, committed 14656K, reserved 1048576K
GC Heap History (10 events):
Event: 81.325 GC heap before
{Heap before GC invocations=25 (full 4):
 PSYoungGen      total 488960K, used 444020K [0x00000000d5580000, 0x00000000f6600000, 0x0000000100000000)
  eden space 435712K, 100% used [0x00000000d5580000,0x00000000eff00000,0x00000000eff00000)
  from space 53248K, 15% used [0x00000000f3200000,0x00000000f3a1d278,0x00000000f6600000)
  to   space 52224K, 0% used [0x00000000eff00000,0x00000000eff00000,0x00000000f3200000)
 ParOldGen       total 216064K, used 147845K [0x0000000080000000, 0x000000008d300000, 0x00000000d5580000)
  object space 216064K, 68% used [0x0000000080000000,0x0000000089061548,0x000000008d300000)
 Metaspace       used 99139K, capacity 105258K, committed 105512K, reserved 1140736K
  class space    used 13364K, capacity 14638K, committed 14656K, reserved 1048576K
Event: 81.347 GC heap after
Heap after GC invocations=25 (full 4):
 PSYoungGen      total 487936K, used 10647K [0x00000000d5580000, 0x00000000fcc00000, 0x0000000100000000)
  eden space 435712K, 0% used [0x00000000d5580000,0x00000000d5580000,0x00000000eff00000)
  from space 52224K, 20% used [0x00000000eff00000,0x00000000f0965db0,0x00000000f3200000)
  to   space 50688K, 0% used [0x00000000f9a80000,0x00000000f9a80000,0x00000000fcc00000)
 ParOldGen       total 216064K, used 153332K [0x0000000080000000, 0x000000008d300000, 0x00000000d5580000)
  object space 216064K, 70% used [0x0000000080000000,0x00000000895bd1c0,0x000000008d300000)
 Metaspace       used 99139K, capacity 105258K, committed 105512K, reserved 1140736K
  class space    used 13364K, capacity 14638K, committed 14656K, reserved 1048576K
}
Event: 81.804 GC heap before
{Heap before GC invocations=26 (full 4):
 PSYoungGen      total 487936K, used 446359K [0x00000000d5580000, 0x00000000fcc00000, 0x0000000100000000)
  eden space 435712K, 100% used [0x00000000d5580000,0x00000000eff00000,0x00000000eff00000)
  from space 52224K, 20% used [0x00000000eff00000,0x00000000f0965db0,0x00000000f3200000)
  to   space 50688K, 0% used [0x00000000f9a80000,0x00000000f9a80000,0x00000000fcc00000)
 ParOldGen       total 216064K, used 153332K [0x0000000080000000, 0x000000008d300000, 0x00000000d5580000)
  object space 216064K, 70% used [0x0000000080000000,0x00000000895bd1c0,0x000000008d300000)
 Metaspace       used 99345K, capacity 105492K, committed 105512K, reserved 1140736K
  class space    used 13365K, capacity 14639K, committed 14656K, reserved 1048576K
Event: 81.829 GC heap after
Heap after GC invocations=26 (full 4):
 PSYoungGen      total 595968K, used 12482K [0x00000000d5580000, 0x00000000fca80000, 0x0000000100000000)
  eden space 546816K, 0% used [0x00000000d5580000,0x00000000d5580000,0x00000000f6b80000)
  from space 49152K, 25% used [0x00000000f9a80000,0x00000000fa6b0bf8,0x00000000fca80000)
  to   space 48128K, 0% used [0x00000000f6b80000,0x00000000f6b80000,0x00000000f9a80000)
 ParOldGen       total 216064K, used 159894K [0x0000000080000000, 0x000000008d300000, 0x00000000d5580000)
  object space 216064K, 74% used [0x0000000080000000,0x0000000089c25b20,0x000000008d300000)
 Metaspace       used 99345K, capacity 105492K, committed 105512K, reserved 1140736K
  class space    used 13365K, capacity 14639K, committed 14656K, reserved 1048576K
}
Event: 82.472 GC heap before
{Heap before GC invocations=27 (full 4):
 PSYoungGen      total 595968K, used 559298K [0x00000000d5580000, 0x00000000fca80000, 0x0000000100000000)
  eden space 546816K, 100% used [0x00000000d5580000,0x00000000f6b80000,0x00000000f6b80000)
  from space 49152K, 25% used [0x00000000f9a80000,0x00000000fa6b0bf8,0x00000000fca80000)
  to   space 48128K, 0% used [0x00000000f6b80000,0x00000000f6b80000,0x00000000f9a80000)
 ParOldGen       total 216064K, used 159894K [0x0000000080000000, 0x000000008d300000, 0x00000000d5580000)
  object space 216064K, 74% used [0x0000000080000000,0x0000000089c25b20,0x000000008d300000)
 Metaspace       used 99420K, capacity 105590K, committed 105768K, reserved 1140736K
  class space    used 13366K, capacity 14640K, committed 14656K, reserved 1048576K
Event: 82.508 GC heap after
Heap after GC invocations=27 (full 4):
 PSYoungGen      total 594944K, used 13565K [0x00000000d5580000, 0x00000000fca80000, 0x0000000100000000)
  eden space 546816K, 0% used [0x00000000d5580000,0x00000000d5580000,0x00000000f6b80000)
  from space 48128K, 28% used [0x00000000f6b80000,0x00000000f78bf4c8,0x00000000f9a80000)
  to   space 49152K, 0% used [0x00000000f9a80000,0x00000000f9a80000,0x00000000fca80000)
 ParOldGen       total 216064K, used 167660K [0x0000000080000000, 0x000000008d300000, 0x00000000d5580000)
  object space 216064K, 77% used [0x0000000080000000,0x000000008a3bb190,0x000000008d300000)
 Metaspace       used 99420K, capacity 105590K, committed 105768K, reserved 1140736K
  class space    used 13366K, capacity 14640K, committed 14656K, reserved 1048576K
}
Event: 83.284 GC heap before
{Heap before GC invocations=28 (full 4):
 PSYoungGen      total 594944K, used 560381K [0x00000000d5580000, 0x00000000fca80000, 0x0000000100000000)
  eden space 546816K, 100% used [0x00000000d5580000,0x00000000f6b80000,0x00000000f6b80000)
  from space 48128K, 28% used [0x00000000f6b80000,0x00000000f78bf4c8,0x00000000f9a80000)
  to   space 49152K, 0% used [0x00000000f9a80000,0x00000000f9a80000,0x00000000fca80000)
 ParOldGen       total 216064K, used 167660K [0x0000000080000000, 0x000000008d300000, 0x00000000d5580000)
  object space 216064K, 77% used [0x0000000080000000,0x000000008a3bb190,0x000000008d300000)
 Metaspace       used 99521K, capacity 105658K, committed 105768K, reserved 1140736K
  class space    used 13366K, capacity 14640K, committed 14656K, reserved 1048576K
Event: 83.326 GC heap after
Heap after GC invocations=28 (full 4):
 PSYoungGen      total 595968K, used 19711K [0x00000000d5580000, 0x00000000fca80000, 0x0000000100000000)
  eden space 546816K, 0% used [0x00000000d5580000,0x00000000d5580000,0x00000000f6b80000)
  from space 49152K, 40% used [0x00000000f9a80000,0x00000000fadbffd0,0x00000000fca80000)
  to   space 48128K, 0% used [0x00000000f6b80000,0x00000000f6b80000,0x00000000f9a80000)
 ParOldGen       total 216064K, used 174678K [0x0000000080000000, 0x000000008d300000, 0x00000000d5580000)
  object space 216064K, 80% used [0x0000000080000000,0x000000008aa95948,0x000000008d300000)
 Metaspace       used 99521K, capacity 105658K, committed 105768K, reserved 1140736K
  class space    used 13366K, capacity 14640K, committed 14656K, reserved 1048576K
}
Event: 83.996 GC heap before
{Heap before GC invocations=29 (full 4):
 PSYoungGen      total 595968K, used 566527K [0x00000000d5580000, 0x00000000fca80000, 0x0000000100000000)
  eden space 546816K, 100% used [0x00000000d5580000,0x00000000f6b80000,0x00000000f6b80000)
  from space 49152K, 40% used [0x00000000f9a80000,0x00000000fadbffd0,0x00000000fca80000)
  to   space 48128K, 0% used [0x00000000f6b80000,0x00000000f6b80000,0x00000000f9a80000)
 ParOldGen       total 216064K, used 174678K [0x0000000080000000, 0x000000008d300000, 0x00000000d5580000)
  object space 216064K, 80% used [0x0000000080000000,0x000000008aa95948,0x000000008d300000)
 Metaspace       used 99549K, capacity 105722K, committed 105768K, reserved 1140736K
  class space    used 13366K, capacity 14640K, committed 14656K, reserved 1048576K
Event: 84.030 GC heap after
Heap after GC invocations=29 (full 4):
 PSYoungGen      total 594944K, used 14622K [0x00000000d5580000, 0x00000000fca80000, 0x0000000100000000)
  eden space 546816K, 0% used [0x00000000d5580000,0x00000000d5580000,0x00000000f6b80000)
  from space 48128K, 30% used [0x00000000f6b80000,0x00000000f79c7aa8,0x00000000f9a80000)
  to   space 49152K, 0% used [0x00000000f9a80000,0x00000000f9a80000,0x00000000fca80000)
 ParOldGen       total 216064K, used 190728K [0x0000000080000000, 0x000000008d300000, 0x00000000d5580000)
  object space 216064K, 88% used [0x0000000080000000,0x000000008ba42060,0x000000008d300000)
 Metaspace       used 99549K, capacity 105722K, committed 105768K, reserved 1140736K
  class space    used 13366K, capacity 14640K, committed 14656K, reserved 1048576K
}

